<?xml version="1.0" encoding="UTF-8"?>
<!-- Generated by org.testng.reporters.JUnitXMLReporter -->
<testsuite hostname="BDTUDV31328" name="Test" tests="5" failures="2" timestamp="25 Aug 2016 12:42:24 GMT" time="0.13" errors="0">
  <testcase name="WAPP" time="0.053" classname="startToEnd.TestCaseFail5">
    <failure type="java.lang.AssertionError" message="expected [true] but found [false]">
      <![CDATA[java.lang.AssertionError: expected [true] but found [false]
	at startToEnd.TestCaseFail5.WAPP(TestCaseFail5.java:9)
	at startToEnd.FailTestCaseClass.main(FailTestCaseClass.java:16)
... Removed 25 stack frames]]>
    </failure>
  </testcase> <!-- WAPP -->
  <testcase name="FB" time="0.0" classname="startToEnd.TestCasePass1"/>
  <testcase name="Twitter" time="0.001" classname="startToEnd.TestCasePass2"/>
  <testcase name="GM" time="0.04" classname="startToEnd.TestCaseFail3">
    <failure type="java.lang.AssertionError">
      <![CDATA[java.lang.AssertionError
	at org.junit.Assert.fail(Assert.java:86)
	at org.junit.Assert.assertTrue(Assert.java:41)
	at org.junit.Assert.assertTrue(Assert.java:52)
	at startToEnd.TestCaseFail3.GM(TestCaseFail3.java:9)
	at startToEnd.FailTestCaseClass.main(FailTestCaseClass.java:16)
... Removed 21 stack frames]]>
    </failure>
  </testcase> <!-- GM -->
  <testcase name="Orkut" time="0.0" classname="startToEnd.TestCasePass4"/>
</testsuite> <!-- Test -->
