<?xml version="1.0" encoding="UTF-8"?>
<!-- Generated by org.testng.reporters.JUnitXMLReporter -->
<testsuite hostname="BDTUDV31328" name="Test" tests="8" failures="1" timestamp="4 Sep 2016 15:01:26 GMT" time="0.125" errors="0">
  <testcase name="E" time="0.014" classname="testNG.LearnTestNGClass"/>
  <testcase name="A" time="0.001" classname="testNG.LearnTestNGClass"/>
  <testcase name="D" time="0.002" classname="testNG.LearnTestNGClass"/>
  <testcase name="C" time="0.002" classname="testNG.LearnTestNGClass"/>
  <testcase name="B" time="0.001" classname="testNG.LearnTestNGClass"/>
  <testcase name="DuplicateD" time="0.02" classname="testNG.DuplicateLearnTestNG">
    <failure type="java.lang.AssertionError" message="False condition.... expected [false] but found [true]">
      <![CDATA[java.lang.AssertionError: False condition.... expected [false] but found [true]
	at testNG.DuplicateLearnTestNG.DuplicateD(DuplicateLearnTestNG.java:26)
... Removed 27 stack frames]]>
    </failure>
  </testcase> <!-- DuplicateD -->
  <testcase name="DuplicateC" time="0.001" classname="testNG.DuplicateLearnTestNG"/>
  <testcase name="DuplicateA" time="0.0" classname="testNG.DuplicateLearnTestNG">
    <skipped/>
  </testcase> <!-- DuplicateA -->
</testsuite> <!-- Test -->
