<?xml version="1.0" encoding="UTF-8"?>
<!-- Generated by org.testng.reporters.JUnitXMLReporter -->
<testsuite hostname="BDTUDV31328" name="Test(failed)" tests="2" failures="1" timestamp="25 Aug 2016 12:46:03 GMT" time="0.019" errors="0">
  <testcase name="GM" time="0.008" classname="startToEnd.TestCaseFail3">
    <failure type="java.lang.AssertionError">
      <![CDATA[java.lang.AssertionError
	at org.junit.Assert.fail(Assert.java:86)
	at org.junit.Assert.assertTrue(Assert.java:41)
	at org.junit.Assert.assertTrue(Assert.java:52)
	at startToEnd.TestCaseFail3.GM(TestCaseFail3.java:9)
	at startToEnd.FailTestCaseClass.main(FailTestCaseClass.java:16)
... Removed 21 stack frames]]>
    </failure>
  </testcase> <!-- GM -->
  <testcase name="WAPP" time="0.001" classname="startToEnd.TestCaseFail5"/>
</testsuite> <!-- Test(failed) -->
